04:49:53 525 [main]        INFO 
                o.s.t.c.s.DefaultTestContextBootstrapper - Loaded default TestExecutionListener class names from location [META-INF/spring.factories]: [org.springframework.test.context.web.ServletTestExecutionListener, org.springframework.test.context.support.DirtiesContextBeforeModesTestExecutionListener, org.springframework.test.context.support.DependencyInjectionTestExecutionListener, org.springframework.test.context.support.DirtiesContextTestExecutionListener, org.springframework.test.context.transaction.TransactionalTestExecutionListener, org.springframework.test.context.jdbc.SqlScriptsTestExecutionListener]
 Caller+0	 at org.springframework.test.context.support.AbstractTestContextBootstrapper.getDefaultTestExecutionListenerClassNames(AbstractTestContextBootstrapper.java:258)
04:49:53 532 [main]        INFO 
                o.s.t.c.s.DefaultTestContextBootstrapper - Could not instantiate TestExecutionListener [org.springframework.test.context.transaction.TransactionalTestExecutionListener]. Specify custom listener classes or make the default listener classes (and their required dependencies) available. Offending class: [org/springframework/transaction/interceptor/TransactionAttributeSource]
 Caller+0	 at org.springframework.test.context.support.AbstractTestContextBootstrapper.instantiateListeners(AbstractTestContextBootstrapper.java:207)
04:49:53 536 [main]        INFO 
                o.s.t.c.s.DefaultTestContextBootstrapper - Could not instantiate TestExecutionListener [org.springframework.test.context.jdbc.SqlScriptsTestExecutionListener]. Specify custom listener classes or make the default listener classes (and their required dependencies) available. Offending class: [org/springframework/transaction/interceptor/TransactionAttribute]
 Caller+0	 at org.springframework.test.context.support.AbstractTestContextBootstrapper.instantiateListeners(AbstractTestContextBootstrapper.java:207)
04:49:53 537 [main]        INFO 
                o.s.t.c.s.DefaultTestContextBootstrapper - Using TestExecutionListeners: [org.springframework.test.context.web.ServletTestExecutionListener@20992bae, org.springframework.test.context.support.DirtiesContextBeforeModesTestExecutionListener@2802bd3a, org.springframework.test.context.support.DependencyInjectionTestExecutionListener@4bd53f5b, org.springframework.test.context.support.DirtiesContextTestExecutionListener@1d329642]
 Caller+0	 at org.springframework.test.context.support.AbstractTestContextBootstrapper.getTestExecutionListeners(AbstractTestContextBootstrapper.java:185)
04:49:54 000 [main]        INFO 
                o.s.b.f.x.XmlBeanDefinitionReader - Loading XML bean definitions from class path resource [WEB-INF/cempedak-core-config.xml]
 Caller+0	 at org.springframework.beans.factory.xml.XmlBeanDefinitionReader.loadBeanDefinitions(XmlBeanDefinitionReader.java:317)
04:55:19 589 [main]        INFO 
                o.s.t.c.s.DefaultTestContextBootstrapper - Loaded default TestExecutionListener class names from location [META-INF/spring.factories]: [org.springframework.test.context.web.ServletTestExecutionListener, org.springframework.test.context.support.DirtiesContextBeforeModesTestExecutionListener, org.springframework.test.context.support.DependencyInjectionTestExecutionListener, org.springframework.test.context.support.DirtiesContextTestExecutionListener, org.springframework.test.context.transaction.TransactionalTestExecutionListener, org.springframework.test.context.jdbc.SqlScriptsTestExecutionListener]
 Caller+0	 at org.springframework.test.context.support.AbstractTestContextBootstrapper.getDefaultTestExecutionListenerClassNames(AbstractTestContextBootstrapper.java:258)
04:55:19 599 [main]        INFO 
                o.s.t.c.s.DefaultTestContextBootstrapper - Could not instantiate TestExecutionListener [org.springframework.test.context.jdbc.SqlScriptsTestExecutionListener]. Specify custom listener classes or make the default listener classes (and their required dependencies) available. Offending class: [org/springframework/transaction/interceptor/TransactionAttribute]
 Caller+0	 at org.springframework.test.context.support.AbstractTestContextBootstrapper.instantiateListeners(AbstractTestContextBootstrapper.java:207)
04:55:19 600 [main]        INFO 
                o.s.t.c.s.DefaultTestContextBootstrapper - Could not instantiate TestExecutionListener [org.springframework.test.context.transaction.TransactionalTestExecutionListener]. Specify custom listener classes or make the default listener classes (and their required dependencies) available. Offending class: [org/springframework/transaction/interceptor/TransactionAttributeSource]
 Caller+0	 at org.springframework.test.context.support.AbstractTestContextBootstrapper.instantiateListeners(AbstractTestContextBootstrapper.java:207)
04:55:19 601 [main]        INFO 
                o.s.t.c.s.DefaultTestContextBootstrapper - Using TestExecutionListeners: [org.springframework.test.context.web.ServletTestExecutionListener@4bd53f5b, org.springframework.test.context.support.DirtiesContextBeforeModesTestExecutionListener@1d329642, org.springframework.test.context.support.DependencyInjectionTestExecutionListener@6426d607, org.springframework.test.context.support.DirtiesContextTestExecutionListener@31ad98ef]
 Caller+0	 at org.springframework.test.context.support.AbstractTestContextBootstrapper.getTestExecutionListeners(AbstractTestContextBootstrapper.java:185)
04:55:19 688 [main]        INFO 
                o.s.b.f.x.XmlBeanDefinitionReader - Loading XML bean definitions from URL [file:src/main/webapp/WEB-INF/spring/cempedak-core-config.xml]
 Caller+0	 at org.springframework.beans.factory.xml.XmlBeanDefinitionReader.loadBeanDefinitions(XmlBeanDefinitionReader.java:317)
04:55:55 836 [main]        INFO 
                o.s.t.c.s.DefaultTestContextBootstrapper - Loaded default TestExecutionListener class names from location [META-INF/spring.factories]: [org.springframework.test.context.web.ServletTestExecutionListener, org.springframework.test.context.support.DirtiesContextBeforeModesTestExecutionListener, org.springframework.test.context.support.DependencyInjectionTestExecutionListener, org.springframework.test.context.support.DirtiesContextTestExecutionListener, org.springframework.test.context.transaction.TransactionalTestExecutionListener, org.springframework.test.context.jdbc.SqlScriptsTestExecutionListener]
 Caller+0	 at org.springframework.test.context.support.AbstractTestContextBootstrapper.getDefaultTestExecutionListenerClassNames(AbstractTestContextBootstrapper.java:258)
04:55:55 843 [main]        INFO 
                o.s.t.c.s.DefaultTestContextBootstrapper - Could not instantiate TestExecutionListener [org.springframework.test.context.jdbc.SqlScriptsTestExecutionListener]. Specify custom listener classes or make the default listener classes (and their required dependencies) available. Offending class: [org/springframework/transaction/interceptor/TransactionAttribute]
 Caller+0	 at org.springframework.test.context.support.AbstractTestContextBootstrapper.instantiateListeners(AbstractTestContextBootstrapper.java:207)
04:55:55 843 [main]        INFO 
                o.s.t.c.s.DefaultTestContextBootstrapper - Could not instantiate TestExecutionListener [org.springframework.test.context.transaction.TransactionalTestExecutionListener]. Specify custom listener classes or make the default listener classes (and their required dependencies) available. Offending class: [org/springframework/transaction/interceptor/TransactionAttributeSource]
 Caller+0	 at org.springframework.test.context.support.AbstractTestContextBootstrapper.instantiateListeners(AbstractTestContextBootstrapper.java:207)
04:55:55 848 [main]        INFO 
                o.s.t.c.s.DefaultTestContextBootstrapper - Using TestExecutionListeners: [org.springframework.test.context.web.ServletTestExecutionListener@2802bd3a, org.springframework.test.context.support.DirtiesContextBeforeModesTestExecutionListener@4bd53f5b, org.springframework.test.context.support.DependencyInjectionTestExecutionListener@1d329642, org.springframework.test.context.support.DirtiesContextTestExecutionListener@6426d607]
 Caller+0	 at org.springframework.test.context.support.AbstractTestContextBootstrapper.getTestExecutionListeners(AbstractTestContextBootstrapper.java:185)
04:55:55 936 [main]        INFO 
                o.s.b.f.x.XmlBeanDefinitionReader - Loading XML bean definitions from URL [file:src/main/webapp/WEB-INF/cempedak-core-config.xml]
 Caller+0	 at org.springframework.beans.factory.xml.XmlBeanDefinitionReader.loadBeanDefinitions(XmlBeanDefinitionReader.java:317)
04:55:56 116 [main]        INFO 
                o.s.b.f.x.XmlBeanDefinitionReader - Loading XML bean definitions from URL [file:src/main/webapp/WEB-INF/dispatcher-servlet.xml]
 Caller+0	 at org.springframework.beans.factory.xml.XmlBeanDefinitionReader.loadBeanDefinitions(XmlBeanDefinitionReader.java:317)
04:55:56 129 [main]        INFO 
                o.s.c.s.GenericApplicationContext - Refreshing org.springframework.context.support.GenericApplicationContext@5f0ab09f: startup date [Fri Feb 03 15:55:56 EST 2017]; root of context hierarchy
 Caller+0	 at org.springframework.context.support.AbstractApplicationContext.prepareRefresh(AbstractApplicationContext.java:581)
04:55:56 296 [main]        INFO 
                o.s.w.s.m.m.a.RequestMappingHandlerMapping - Mapped "{[/helloWorld/hello]}" onto public java.lang.String ca.on.gov.s2i.cempedak.web.HelloWorldController.hello(java.lang.String,java.lang.String,org.springframework.ui.Model)
 Caller+0	 at org.springframework.web.servlet.handler.AbstractHandlerMethodMapping$MappingRegistry.register(AbstractHandlerMethodMapping.java:540)
04:55:56 297 [main]        INFO 
                o.s.w.s.m.m.a.RequestMappingHandlerMapping - Mapped "{[/helloWorld/findAllCycleHighway],methods=[GET],produces=[application/json]}" onto public ca.on.gov.s2i.cempedak.Pager ca.on.gov.s2i.cempedak.web.HelloWorldController.findAllCycleHighway()
 Caller+0	 at org.springframework.web.servlet.handler.AbstractHandlerMethodMapping$MappingRegistry.register(AbstractHandlerMethodMapping.java:540)
04:55:56 299 [main]        INFO 
                o.s.w.s.m.m.a.RequestMappingHandlerMapping - Mapped "{[/simple],methods=[GET],produces=[application/json]}" onto public ca.on.gov.s2i.cempedak.Pager ca.on.gov.s2i.cempedak.web.SimpleController.findAllCycleHighway()
 Caller+0	 at org.springframework.web.servlet.handler.AbstractHandlerMethodMapping$MappingRegistry.register(AbstractHandlerMethodMapping.java:540)
04:55:56 508 [main]        INFO 
                o.s.w.s.m.m.a.RequestMappingHandlerAdapter - Looking for @ControllerAdvice: org.springframework.context.support.GenericApplicationContext@5f0ab09f: startup date [Fri Feb 03 15:55:56 EST 2017]; root of context hierarchy
 Caller+0	 at org.springframework.web.servlet.mvc.method.annotation.RequestMappingHandlerAdapter.initControllerAdviceCache(RequestMappingHandlerAdapter.java:539)
04:55:56 549 [main]        INFO 
                o.s.w.s.m.m.a.RequestMappingHandlerAdapter - Looking for @ControllerAdvice: org.springframework.context.support.GenericApplicationContext@5f0ab09f: startup date [Fri Feb 03 15:55:56 EST 2017]; root of context hierarchy
 Caller+0	 at org.springframework.web.servlet.mvc.method.annotation.RequestMappingHandlerAdapter.initControllerAdviceCache(RequestMappingHandlerAdapter.java:539)
04:55:56 642 [Thread-0]    INFO 
                o.s.c.s.GenericApplicationContext - Closing org.springframework.context.support.GenericApplicationContext@5f0ab09f: startup date [Fri Feb 03 15:55:56 EST 2017]; root of context hierarchy
 Caller+0	 at org.springframework.context.support.AbstractApplicationContext.doClose(AbstractApplicationContext.java:964)
04:56:43 000 [main]        INFO 
                o.s.t.c.s.DefaultTestContextBootstrapper - Loaded default TestExecutionListener class names from location [META-INF/spring.factories]: [org.springframework.test.context.web.ServletTestExecutionListener, org.springframework.test.context.support.DirtiesContextBeforeModesTestExecutionListener, org.springframework.test.context.support.DependencyInjectionTestExecutionListener, org.springframework.test.context.support.DirtiesContextTestExecutionListener, org.springframework.test.context.transaction.TransactionalTestExecutionListener, org.springframework.test.context.jdbc.SqlScriptsTestExecutionListener]
 Caller+0	 at org.springframework.test.context.support.AbstractTestContextBootstrapper.getDefaultTestExecutionListenerClassNames(AbstractTestContextBootstrapper.java:258)
04:56:43 006 [main]        INFO 
                o.s.t.c.s.DefaultTestContextBootstrapper - Could not instantiate TestExecutionListener [org.springframework.test.context.transaction.TransactionalTestExecutionListener]. Specify custom listener classes or make the default listener classes (and their required dependencies) available. Offending class: [org/springframework/transaction/interceptor/TransactionAttributeSource]
 Caller+0	 at org.springframework.test.context.support.AbstractTestContextBootstrapper.instantiateListeners(AbstractTestContextBootstrapper.java:207)
04:56:43 010 [main]        INFO 
                o.s.t.c.s.DefaultTestContextBootstrapper - Could not instantiate TestExecutionListener [org.springframework.test.context.jdbc.SqlScriptsTestExecutionListener]. Specify custom listener classes or make the default listener classes (and their required dependencies) available. Offending class: [org/springframework/transaction/interceptor/TransactionAttribute]
 Caller+0	 at org.springframework.test.context.support.AbstractTestContextBootstrapper.instantiateListeners(AbstractTestContextBootstrapper.java:207)
04:56:43 011 [main]        INFO 
                o.s.t.c.s.DefaultTestContextBootstrapper - Using TestExecutionListeners: [org.springframework.test.context.web.ServletTestExecutionListener@1d329642, org.springframework.test.context.support.DirtiesContextBeforeModesTestExecutionListener@6426d607, org.springframework.test.context.support.DependencyInjectionTestExecutionListener@31ad98ef, org.springframework.test.context.support.DirtiesContextTestExecutionListener@7c138c63]
 Caller+0	 at org.springframework.test.context.support.AbstractTestContextBootstrapper.getTestExecutionListeners(AbstractTestContextBootstrapper.java:185)
04:56:43 098 [main]        INFO 
                o.s.b.f.x.XmlBeanDefinitionReader - Loading XML bean definitions from URL [file:src/main/webapp/WEB-INF/cempedak-core-config.xml]
 Caller+0	 at org.springframework.beans.factory.xml.XmlBeanDefinitionReader.loadBeanDefinitions(XmlBeanDefinitionReader.java:317)
04:56:43 272 [main]        INFO 
                o.s.b.f.x.XmlBeanDefinitionReader - Loading XML bean definitions from URL [file:src/main/webapp/WEB-INF/dispatcher-servlet.xml]
 Caller+0	 at org.springframework.beans.factory.xml.XmlBeanDefinitionReader.loadBeanDefinitions(XmlBeanDefinitionReader.java:317)
04:56:43 285 [main]        INFO 
                o.s.c.s.GenericApplicationContext - Refreshing org.springframework.context.support.GenericApplicationContext@67eb366: startup date [Fri Feb 03 15:56:43 EST 2017]; root of context hierarchy
 Caller+0	 at org.springframework.context.support.AbstractApplicationContext.prepareRefresh(AbstractApplicationContext.java:581)
04:56:43 451 [main]        INFO 
                o.s.w.s.m.m.a.RequestMappingHandlerMapping - Mapped "{[/helloWorld/hello]}" onto public java.lang.String ca.on.gov.s2i.cempedak.web.HelloWorldController.hello(java.lang.String,java.lang.String,org.springframework.ui.Model)
 Caller+0	 at org.springframework.web.servlet.handler.AbstractHandlerMethodMapping$MappingRegistry.register(AbstractHandlerMethodMapping.java:540)
04:56:43 452 [main]        INFO 
                o.s.w.s.m.m.a.RequestMappingHandlerMapping - Mapped "{[/helloWorld/findAllCycleHighway],methods=[GET],produces=[application/json]}" onto public ca.on.gov.s2i.cempedak.Pager ca.on.gov.s2i.cempedak.web.HelloWorldController.findAllCycleHighway()
 Caller+0	 at org.springframework.web.servlet.handler.AbstractHandlerMethodMapping$MappingRegistry.register(AbstractHandlerMethodMapping.java:540)
04:56:43 452 [main]        INFO 
                o.s.w.s.m.m.a.RequestMappingHandlerMapping - Mapped "{[/simple],methods=[GET],produces=[application/json]}" onto public ca.on.gov.s2i.cempedak.Pager ca.on.gov.s2i.cempedak.web.SimpleController.findAllCycleHighway()
 Caller+0	 at org.springframework.web.servlet.handler.AbstractHandlerMethodMapping$MappingRegistry.register(AbstractHandlerMethodMapping.java:540)
04:56:43 659 [main]        INFO 
                o.s.w.s.m.m.a.RequestMappingHandlerAdapter - Looking for @ControllerAdvice: org.springframework.context.support.GenericApplicationContext@67eb366: startup date [Fri Feb 03 15:56:43 EST 2017]; root of context hierarchy
 Caller+0	 at org.springframework.web.servlet.mvc.method.annotation.RequestMappingHandlerAdapter.initControllerAdviceCache(RequestMappingHandlerAdapter.java:539)
04:56:43 700 [main]        INFO 
                o.s.w.s.m.m.a.RequestMappingHandlerAdapter - Looking for @ControllerAdvice: org.springframework.context.support.GenericApplicationContext@67eb366: startup date [Fri Feb 03 15:56:43 EST 2017]; root of context hierarchy
 Caller+0	 at org.springframework.web.servlet.mvc.method.annotation.RequestMappingHandlerAdapter.initControllerAdviceCache(RequestMappingHandlerAdapter.java:539)
04:56:43 793 [Thread-0]    INFO 
                o.s.c.s.GenericApplicationContext - Closing org.springframework.context.support.GenericApplicationContext@67eb366: startup date [Fri Feb 03 15:56:43 EST 2017]; root of context hierarchy
 Caller+0	 at org.springframework.context.support.AbstractApplicationContext.doClose(AbstractApplicationContext.java:964)
05:06:53 562 [main]        INFO 
                o.s.t.c.s.AbstractContextLoader - Could not detect default resource locations for test class [ca.on.gov.s2i.cempedak.BaseTest]: no resource found for suffixes {-context.xml}.
 Caller+0	 at org.springframework.test.context.support.AbstractContextLoader.generateDefaultLocations(AbstractContextLoader.java:242)
05:06:53 566 [main]        INFO 
                o.s.t.c.s.AnnotationConfigContextLoaderUtils - Could not detect default configuration classes for test class [ca.on.gov.s2i.cempedak.BaseTest]: BaseTest does not declare any static, non-private, non-final, nested classes annotated with @Configuration.
 Caller+0	 at org.springframework.test.context.support.AnnotationConfigContextLoaderUtils.detectDefaultConfigurationClasses(AnnotationConfigContextLoaderUtils.java:81)
05:22:50 658 [main]        INFO 
                o.s.t.c.s.DefaultTestContextBootstrapper - Loaded default TestExecutionListener class names from location [META-INF/spring.factories]: [org.springframework.test.context.web.ServletTestExecutionListener, org.springframework.test.context.support.DirtiesContextBeforeModesTestExecutionListener, org.springframework.test.context.support.DependencyInjectionTestExecutionListener, org.springframework.test.context.support.DirtiesContextTestExecutionListener, org.springframework.test.context.transaction.TransactionalTestExecutionListener, org.springframework.test.context.jdbc.SqlScriptsTestExecutionListener]
 Caller+0	 at org.springframework.test.context.support.AbstractTestContextBootstrapper.getDefaultTestExecutionListenerClassNames(AbstractTestContextBootstrapper.java:258)
05:22:50 665 [main]        INFO 
                o.s.t.c.s.DefaultTestContextBootstrapper - Could not instantiate TestExecutionListener [org.springframework.test.context.transaction.TransactionalTestExecutionListener]. Specify custom listener classes or make the default listener classes (and their required dependencies) available. Offending class: [org/springframework/transaction/interceptor/TransactionAttributeSource]
 Caller+0	 at org.springframework.test.context.support.AbstractTestContextBootstrapper.instantiateListeners(AbstractTestContextBootstrapper.java:207)
05:22:50 665 [main]        INFO 
                o.s.t.c.s.DefaultTestContextBootstrapper - Could not instantiate TestExecutionListener [org.springframework.test.context.jdbc.SqlScriptsTestExecutionListener]. Specify custom listener classes or make the default listener classes (and their required dependencies) available. Offending class: [org/springframework/transaction/interceptor/TransactionAttribute]
 Caller+0	 at org.springframework.test.context.support.AbstractTestContextBootstrapper.instantiateListeners(AbstractTestContextBootstrapper.java:207)
05:22:50 670 [main]        INFO 
                o.s.t.c.s.DefaultTestContextBootstrapper - Using TestExecutionListeners: [org.springframework.test.context.web.ServletTestExecutionListener@5749b290, org.springframework.test.context.support.DirtiesContextBeforeModesTestExecutionListener@276a38b5, org.springframework.test.context.support.DependencyInjectionTestExecutionListener@2eb1074a, org.springframework.test.context.support.DirtiesContextTestExecutionListener@6855a338]
 Caller+0	 at org.springframework.test.context.support.AbstractTestContextBootstrapper.getTestExecutionListeners(AbstractTestContextBootstrapper.java:185)
05:22:50 761 [main]        INFO 
                o.s.b.f.x.XmlBeanDefinitionReader - Loading XML bean definitions from URL [file:src/main/webapp/WEB-INF/cempedak-core-config.xml]
 Caller+0	 at org.springframework.beans.factory.xml.XmlBeanDefinitionReader.loadBeanDefinitions(XmlBeanDefinitionReader.java:317)
05:22:50 939 [main]        INFO 
                o.s.b.f.x.XmlBeanDefinitionReader - Loading XML bean definitions from URL [file:src/main/webapp/WEB-INF/dispatcher-servlet.xml]
 Caller+0	 at org.springframework.beans.factory.xml.XmlBeanDefinitionReader.loadBeanDefinitions(XmlBeanDefinitionReader.java:317)
05:22:50 953 [main]        INFO 
                o.s.c.s.GenericApplicationContext - Refreshing org.springframework.context.support.GenericApplicationContext@5090d8ea: startup date [Fri Feb 03 16:22:50 EST 2017]; root of context hierarchy
 Caller+0	 at org.springframework.context.support.AbstractApplicationContext.prepareRefresh(AbstractApplicationContext.java:581)
05:22:51 134 [main]        INFO 
                o.s.w.s.m.m.a.RequestMappingHandlerMapping - Mapped "{[/helloWorld/findAllCycleHighway],methods=[GET],produces=[application/json]}" onto public ca.on.gov.s2i.cempedak.Pager ca.on.gov.s2i.cempedak.web.HelloWorldController.findAllCycleHighway()
 Caller+0	 at org.springframework.web.servlet.handler.AbstractHandlerMethodMapping$MappingRegistry.register(AbstractHandlerMethodMapping.java:540)
05:22:51 135 [main]        INFO 
                o.s.w.s.m.m.a.RequestMappingHandlerMapping - Mapped "{[/helloWorld/hello]}" onto public java.lang.String ca.on.gov.s2i.cempedak.web.HelloWorldController.hello(java.lang.String,java.lang.String,org.springframework.ui.Model)
 Caller+0	 at org.springframework.web.servlet.handler.AbstractHandlerMethodMapping$MappingRegistry.register(AbstractHandlerMethodMapping.java:540)
05:22:51 136 [main]        INFO 
                o.s.w.s.m.m.a.RequestMappingHandlerMapping - Mapped "{[/simple],methods=[GET],produces=[application/json]}" onto public ca.on.gov.s2i.cempedak.Pager ca.on.gov.s2i.cempedak.web.SimpleController.findAllCycleHighway()
 Caller+0	 at org.springframework.web.servlet.handler.AbstractHandlerMethodMapping$MappingRegistry.register(AbstractHandlerMethodMapping.java:540)
05:22:51 345 [main]        INFO 
                o.s.w.s.m.m.a.RequestMappingHandlerAdapter - Looking for @ControllerAdvice: org.springframework.context.support.GenericApplicationContext@5090d8ea: startup date [Fri Feb 03 16:22:50 EST 2017]; root of context hierarchy
 Caller+0	 at org.springframework.web.servlet.mvc.method.annotation.RequestMappingHandlerAdapter.initControllerAdviceCache(RequestMappingHandlerAdapter.java:539)
05:22:51 385 [main]        INFO 
                o.s.w.s.m.m.a.RequestMappingHandlerAdapter - Looking for @ControllerAdvice: org.springframework.context.support.GenericApplicationContext@5090d8ea: startup date [Fri Feb 03 16:22:50 EST 2017]; root of context hierarchy
 Caller+0	 at org.springframework.web.servlet.mvc.method.annotation.RequestMappingHandlerAdapter.initControllerAdviceCache(RequestMappingHandlerAdapter.java:539)
05:22:51 485 [Thread-0]    INFO 
                o.s.c.s.GenericApplicationContext - Closing org.springframework.context.support.GenericApplicationContext@5090d8ea: startup date [Fri Feb 03 16:22:50 EST 2017]; root of context hierarchy
 Caller+0	 at org.springframework.context.support.AbstractApplicationContext.doClose(AbstractApplicationContext.java:964)
05:26:32 110 [main]        INFO 
                o.s.t.c.s.DefaultTestContextBootstrapper - Loaded default TestExecutionListener class names from location [META-INF/spring.factories]: [org.springframework.test.context.web.ServletTestExecutionListener, org.springframework.test.context.support.DirtiesContextBeforeModesTestExecutionListener, org.springframework.test.context.support.DependencyInjectionTestExecutionListener, org.springframework.test.context.support.DirtiesContextTestExecutionListener, org.springframework.test.context.transaction.TransactionalTestExecutionListener, org.springframework.test.context.jdbc.SqlScriptsTestExecutionListener]
 Caller+0	 at org.springframework.test.context.support.AbstractTestContextBootstrapper.getDefaultTestExecutionListenerClassNames(AbstractTestContextBootstrapper.java:258)
05:26:32 117 [main]        INFO 
                o.s.t.c.s.DefaultTestContextBootstrapper - Could not instantiate TestExecutionListener [org.springframework.test.context.jdbc.SqlScriptsTestExecutionListener]. Specify custom listener classes or make the default listener classes (and their required dependencies) available. Offending class: [org/springframework/transaction/interceptor/TransactionAttribute]
 Caller+0	 at org.springframework.test.context.support.AbstractTestContextBootstrapper.instantiateListeners(AbstractTestContextBootstrapper.java:207)
05:26:32 121 [main]        INFO 
                o.s.t.c.s.DefaultTestContextBootstrapper - Could not instantiate TestExecutionListener [org.springframework.test.context.transaction.TransactionalTestExecutionListener]. Specify custom listener classes or make the default listener classes (and their required dependencies) available. Offending class: [org/springframework/transaction/interceptor/TransactionAttributeSource]
 Caller+0	 at org.springframework.test.context.support.AbstractTestContextBootstrapper.instantiateListeners(AbstractTestContextBootstrapper.java:207)
05:26:32 122 [main]        INFO 
                o.s.t.c.s.DefaultTestContextBootstrapper - Using TestExecutionListeners: [org.springframework.test.context.web.ServletTestExecutionListener@276a38b5, org.springframework.test.context.support.DirtiesContextBeforeModesTestExecutionListener@2eb1074a, org.springframework.test.context.support.DependencyInjectionTestExecutionListener@6855a338, org.springframework.test.context.support.DirtiesContextTestExecutionListener@4e4ee70b]
 Caller+0	 at org.springframework.test.context.support.AbstractTestContextBootstrapper.getTestExecutionListeners(AbstractTestContextBootstrapper.java:185)
05:26:32 209 [main]        INFO 
                o.s.b.f.x.XmlBeanDefinitionReader - Loading XML bean definitions from URL [file:src/main/webapp/WEB-INF/cempedak-core-config.xml]
 Caller+0	 at org.springframework.beans.factory.xml.XmlBeanDefinitionReader.loadBeanDefinitions(XmlBeanDefinitionReader.java:317)
05:26:32 385 [main]        INFO 
                o.s.b.f.x.XmlBeanDefinitionReader - Loading XML bean definitions from URL [file:src/main/webapp/WEB-INF/dispatcher-servlet.xml]
 Caller+0	 at org.springframework.beans.factory.xml.XmlBeanDefinitionReader.loadBeanDefinitions(XmlBeanDefinitionReader.java:317)
05:26:32 398 [main]        INFO 
                o.s.c.s.GenericApplicationContext - Refreshing org.springframework.context.support.GenericApplicationContext@559113f8: startup date [Fri Feb 03 16:26:32 EST 2017]; root of context hierarchy
 Caller+0	 at org.springframework.context.support.AbstractApplicationContext.prepareRefresh(AbstractApplicationContext.java:581)
05:26:32 574 [main]        INFO 
                o.s.w.s.m.m.a.RequestMappingHandlerMapping - Mapped "{[/helloWorld/findAllCycleHighway],methods=[GET],produces=[application/json]}" onto public ca.on.gov.s2i.cempedak.Pager ca.on.gov.s2i.cempedak.web.HelloWorldController.findAllCycleHighway()
 Caller+0	 at org.springframework.web.servlet.handler.AbstractHandlerMethodMapping$MappingRegistry.register(AbstractHandlerMethodMapping.java:540)
05:26:32 575 [main]        INFO 
                o.s.w.s.m.m.a.RequestMappingHandlerMapping - Mapped "{[/helloWorld/hello]}" onto public java.lang.String ca.on.gov.s2i.cempedak.web.HelloWorldController.hello(java.lang.String,java.lang.String,org.springframework.ui.Model)
 Caller+0	 at org.springframework.web.servlet.handler.AbstractHandlerMethodMapping$MappingRegistry.register(AbstractHandlerMethodMapping.java:540)
05:26:32 575 [main]        INFO 
                o.s.w.s.m.m.a.RequestMappingHandlerMapping - Mapped "{[/simple],methods=[GET],produces=[application/json]}" onto public ca.on.gov.s2i.cempedak.Pager ca.on.gov.s2i.cempedak.web.SimpleController.findAllCycleHighway()
 Caller+0	 at org.springframework.web.servlet.handler.AbstractHandlerMethodMapping$MappingRegistry.register(AbstractHandlerMethodMapping.java:540)
05:26:32 779 [main]        INFO 
                o.s.w.s.m.m.a.RequestMappingHandlerAdapter - Looking for @ControllerAdvice: org.springframework.context.support.GenericApplicationContext@559113f8: startup date [Fri Feb 03 16:26:32 EST 2017]; root of context hierarchy
 Caller+0	 at org.springframework.web.servlet.mvc.method.annotation.RequestMappingHandlerAdapter.initControllerAdviceCache(RequestMappingHandlerAdapter.java:539)
05:26:32 818 [main]        INFO 
                o.s.w.s.m.m.a.RequestMappingHandlerAdapter - Looking for @ControllerAdvice: org.springframework.context.support.GenericApplicationContext@559113f8: startup date [Fri Feb 03 16:26:32 EST 2017]; root of context hierarchy
 Caller+0	 at org.springframework.web.servlet.mvc.method.annotation.RequestMappingHandlerAdapter.initControllerAdviceCache(RequestMappingHandlerAdapter.java:539)
05:26:32 913 [Thread-0]    INFO 
                o.s.c.s.GenericApplicationContext - Closing org.springframework.context.support.GenericApplicationContext@559113f8: startup date [Fri Feb 03 16:26:32 EST 2017]; root of context hierarchy
 Caller+0	 at org.springframework.context.support.AbstractApplicationContext.doClose(AbstractApplicationContext.java:964)
05:27:14 564 [main]        INFO 
                o.s.t.c.s.DefaultTestContextBootstrapper - Loaded default TestExecutionListener class names from location [META-INF/spring.factories]: [org.springframework.test.context.web.ServletTestExecutionListener, org.springframework.test.context.support.DirtiesContextBeforeModesTestExecutionListener, org.springframework.test.context.support.DependencyInjectionTestExecutionListener, org.springframework.test.context.support.DirtiesContextTestExecutionListener, org.springframework.test.context.transaction.TransactionalTestExecutionListener, org.springframework.test.context.jdbc.SqlScriptsTestExecutionListener]
 Caller+0	 at org.springframework.test.context.support.AbstractTestContextBootstrapper.getDefaultTestExecutionListenerClassNames(AbstractTestContextBootstrapper.java:258)
05:27:14 574 [main]        INFO 
                o.s.t.c.s.DefaultTestContextBootstrapper - Could not instantiate TestExecutionListener [org.springframework.test.context.transaction.TransactionalTestExecutionListener]. Specify custom listener classes or make the default listener classes (and their required dependencies) available. Offending class: [org/springframework/transaction/interceptor/TransactionAttributeSource]
 Caller+0	 at org.springframework.test.context.support.AbstractTestContextBootstrapper.instantiateListeners(AbstractTestContextBootstrapper.java:207)
05:27:14 574 [main]        INFO 
                o.s.t.c.s.DefaultTestContextBootstrapper - Could not instantiate TestExecutionListener [org.springframework.test.context.jdbc.SqlScriptsTestExecutionListener]. Specify custom listener classes or make the default listener classes (and their required dependencies) available. Offending class: [org/springframework/transaction/interceptor/TransactionAttribute]
 Caller+0	 at org.springframework.test.context.support.AbstractTestContextBootstrapper.instantiateListeners(AbstractTestContextBootstrapper.java:207)
05:27:14 576 [main]        INFO 
                o.s.t.c.s.DefaultTestContextBootstrapper - Using TestExecutionListeners: [org.springframework.test.context.web.ServletTestExecutionListener@6765f738, org.springframework.test.context.support.DirtiesContextBeforeModesTestExecutionListener@5749b290, org.springframework.test.context.support.DependencyInjectionTestExecutionListener@276a38b5, org.springframework.test.context.support.DirtiesContextTestExecutionListener@2eb1074a]
 Caller+0	 at org.springframework.test.context.support.AbstractTestContextBootstrapper.getTestExecutionListeners(AbstractTestContextBootstrapper.java:185)
05:27:14 663 [main]        INFO 
                o.s.b.f.x.XmlBeanDefinitionReader - Loading XML bean definitions from URL [file:src/main/webapp/WEB-INF/cempedak-core-config.xml]
 Caller+0	 at org.springframework.beans.factory.xml.XmlBeanDefinitionReader.loadBeanDefinitions(XmlBeanDefinitionReader.java:317)
05:27:14 837 [main]        INFO 
                o.s.b.f.x.XmlBeanDefinitionReader - Loading XML bean definitions from URL [file:src/main/webapp/WEB-INF/dispatcher-servlet.xml]
 Caller+0	 at org.springframework.beans.factory.xml.XmlBeanDefinitionReader.loadBeanDefinitions(XmlBeanDefinitionReader.java:317)
05:27:14 851 [main]        INFO 
                o.s.c.s.GenericApplicationContext - Refreshing org.springframework.context.support.GenericApplicationContext@774acfcd: startup date [Fri Feb 03 16:27:14 EST 2017]; root of context hierarchy
 Caller+0	 at org.springframework.context.support.AbstractApplicationContext.prepareRefresh(AbstractApplicationContext.java:581)
05:27:15 018 [main]        INFO 
                o.s.w.s.m.m.a.RequestMappingHandlerMapping - Mapped "{[/helloWorld/findAllCycleHighway],methods=[GET],produces=[application/json]}" onto public ca.on.gov.s2i.cempedak.Pager ca.on.gov.s2i.cempedak.web.HelloWorldController.findAllCycleHighway()
 Caller+0	 at org.springframework.web.servlet.handler.AbstractHandlerMethodMapping$MappingRegistry.register(AbstractHandlerMethodMapping.java:540)
05:27:15 019 [main]        INFO 
                o.s.w.s.m.m.a.RequestMappingHandlerMapping - Mapped "{[/helloWorld/hello]}" onto public java.lang.String ca.on.gov.s2i.cempedak.web.HelloWorldController.hello(java.lang.String,java.lang.String,org.springframework.ui.Model)
 Caller+0	 at org.springframework.web.servlet.handler.AbstractHandlerMethodMapping$MappingRegistry.register(AbstractHandlerMethodMapping.java:540)
05:27:15 020 [main]        INFO 
                o.s.w.s.m.m.a.RequestMappingHandlerMapping - Mapped "{[/simple],methods=[GET],produces=[application/json]}" onto public ca.on.gov.s2i.cempedak.Pager ca.on.gov.s2i.cempedak.web.SimpleController.findAllCycleHighway()
 Caller+0	 at org.springframework.web.servlet.handler.AbstractHandlerMethodMapping$MappingRegistry.register(AbstractHandlerMethodMapping.java:540)
05:27:15 225 [main]        INFO 
                o.s.w.s.m.m.a.RequestMappingHandlerAdapter - Looking for @ControllerAdvice: org.springframework.context.support.GenericApplicationContext@774acfcd: startup date [Fri Feb 03 16:27:14 EST 2017]; root of context hierarchy
 Caller+0	 at org.springframework.web.servlet.mvc.method.annotation.RequestMappingHandlerAdapter.initControllerAdviceCache(RequestMappingHandlerAdapter.java:539)
05:27:15 265 [main]        INFO 
                o.s.w.s.m.m.a.RequestMappingHandlerAdapter - Looking for @ControllerAdvice: org.springframework.context.support.GenericApplicationContext@774acfcd: startup date [Fri Feb 03 16:27:14 EST 2017]; root of context hierarchy
 Caller+0	 at org.springframework.web.servlet.mvc.method.annotation.RequestMappingHandlerAdapter.initControllerAdviceCache(RequestMappingHandlerAdapter.java:539)
05:27:15 360 [Thread-0]    INFO 
                o.s.c.s.GenericApplicationContext - Closing org.springframework.context.support.GenericApplicationContext@774acfcd: startup date [Fri Feb 03 16:27:14 EST 2017]; root of context hierarchy
 Caller+0	 at org.springframework.context.support.AbstractApplicationContext.doClose(AbstractApplicationContext.java:964)
